<?xml version="1.0" encoding="UTF-8"?>
<!-- Generated by org.testng.reporters.JUnitReportReporter -->
<testsuite hostname="Vinayak-LP" name="TestNg.ExtentReporter" tests="1" failures="0" timestamp="25 Feb 2017 11:26:54 GMT" time="0.033" errors="0">
  <testcase name="test1" time="0.033" classname="TestNg.ExtentReporter"/>
</testsuite> <!-- TestNg.ExtentReporter -->
